nuionc_new_user_android/CallLib/build/outputs/logs/manifest-merger-release-report.txt
-- Merging decision tree log ---
manifest
ADDED from nuionc_new_user_android\CallLib\AndroidManifest.xml:1:1-18:12
INJECTED from nuionc_new_user_android\CallLib\AndroidManifest.xml:1:1-18:12
INJECTED from nuionc_new_user_android\CallLib\AndroidManifest.xml:1:1-18:12
INJECTED from nuionc_new_user_android\CallLib\AndroidManifest.xml:1:1-18:12
INJECTED from nuionc_new_user_android\CallLib\AndroidManifest.xml:1:1-18:12
INJECTED from nuionc_new_user_android\CallLib\AndroidManifest.xml:1:1-18:12
INJECTED from nuionc_new_user_android\CallLib\AndroidManifest.xml:1:1-18:12
	package
		ADDED from nuionc_new_user_android\CallLib\AndroidManifest.xml:2:5-30
		INJECTED from nuionc_new_user_android\CallLib\AndroidManifest.xml
		INJECTED from nuionc_new_user_android\CallLib\AndroidManifest.xml
	android:versionName
		INJECTED from nuionc_new_user_android\CallLib\AndroidManifest.xml
		ADDED from nuionc_new_user_android\CallLib\AndroidManifest.xml:1:1-18:12
		INJECTED from nuionc_new_user_android\CallLib\AndroidManifest.xml
	android:versionCode
		INJECTED from nuionc_new_user_android\CallLib\AndroidManifest.xml
		ADDED from nuionc_new_user_android\CallLib\AndroidManifest.xml:1:1-18:12
		INJECTED from nuionc_new_user_android\CallLib\AndroidManifest.xml
	xmlns:android
		ADDED from nuionc_new_user_android\CallLib\AndroidManifest.xml:1:11-69
application
ADDED from nuionc_new_user_android\CallLib\AndroidManifest.xml:4:5-6:19
	android:supportsRtl
		ADDED from nuionc_new_user_android\CallLib\AndroidManifest.xml:5:9-35
uses-permission#android.permission.CAMERA
ADDED from nuionc_new_user_android\CallLib\AndroidManifest.xml:8:5-65
	android:name
		ADDED from nuionc_new_user_android\CallLib\AndroidManifest.xml:8:22-62
uses-permission#android.permission.CHANGE_NETWORK_STATE
ADDED from nuionc_new_user_android\CallLib\AndroidManifest.xml:9:5-79
	android:name
		ADDED from nuionc_new_user_android\CallLib\AndroidManifest.xml:9:22-76
uses-permission#android.permission.MODIFY_AUDIO_SETTINGS
ADDED from nuionc_new_user_android\CallLib\AndroidManifest.xml:10:5-80
	android:name
		ADDED from nuionc_new_user_android\CallLib\AndroidManifest.xml:10:22-77
uses-permission#android.permission.RECORD_AUDIO
ADDED from nuionc_new_user_android\CallLib\AndroidManifest.xml:11:5-71
	android:name
		ADDED from nuionc_new_user_android\CallLib\AndroidManifest.xml:11:22-68
uses-permission#android.permission.BLUETOOTH
ADDED from nuionc_new_user_android\CallLib\AndroidManifest.xml:12:5-68
	android:name
		ADDED from nuionc_new_user_android\CallLib\AndroidManifest.xml:12:22-65
uses-permission#android.permission.INTERNET
ADDED from nuionc_new_user_android\CallLib\AndroidManifest.xml:13:5-67
	android:name
		ADDED from nuionc_new_user_android\CallLib\AndroidManifest.xml:13:22-64
uses-permission#android.permission.WRITE_EXTERNAL_STORAGE
ADDED from nuionc_new_user_android\CallLib\AndroidManifest.xml:14:5-81
	android:name
		ADDED from nuionc_new_user_android\CallLib\AndroidManifest.xml:14:22-78
uses-permission#android.permission.ACCESS_NETWORK_STATE
ADDED from nuionc_new_user_android\CallLib\AndroidManifest.xml:15:5-79
	android:name
		ADDED from nuionc_new_user_android\CallLib\AndroidManifest.xml:15:22-76
uses-permission#android.permission.CAPTURE_VIDEO_OUTPUT
ADDED from nuionc_new_user_android\CallLib\AndroidManifest.xml:16:5-79
	android:name
		ADDED from nuionc_new_user_android\CallLib\AndroidManifest.xml:16:22-76
uses-sdk
INJECTED from nuionc_new_user_android\CallLib\AndroidManifest.xml reason: use-sdk injection requested
INJECTED from nuionc_new_user_android\CallLib\AndroidManifest.xml
INJECTED from nuionc_new_user_android\CallLib\AndroidManifest.xml
INJECTED from nuionc_new_user_android\CallLib\AndroidManifest.xml
INJECTED from nuionc_new_user_android\CallLib\AndroidManifest.xml
	android:targetSdkVersion
		INJECTED from nuionc_new_user_android\CallLib\AndroidManifest.xml
		ADDED from nuionc_new_user_android\CallLib\AndroidManifest.xml
		INJECTED from nuionc_new_user_android\CallLib\AndroidManifest.xml
	android:minSdkVersion
		INJECTED from nuionc_new_user_android\CallLib\AndroidManifest.xml
		ADDED from nuionc_new_user_android\CallLib\AndroidManifest.xml
		INJECTED from nuionc_new_user_android\CallLib\AndroidManifest.xml